<?xml version="1.0" encoding="UTF-8"?>
<!-- Generated by org.testng.reporters.JUnitReportReporter -->
<testsuite hostname="DESKTOP-5AVRE5L" failures="0" tests="2" name="testrunner.Registrationrunner" time="15.505" errors="0" timestamp="2021-02-10T11:18:00 IST" skipped="0">
  <testcase classname="testrunner.Registrationrunner" name="runner" time="8.347"/>
  <system-out/>
  <testcase classname="testrunner.Registrationrunner" name="runner" time="7.158"/>
  <system-out/>
</testsuite> <!-- testrunner.Registrationrunner -->
