<?xml version="1.0" encoding="UTF-8"?>
<!-- Generated by org.testng.reporters.JUnitReportReporter -->
<testsuite hostname="DESKTOP-5AVRE5L" failures="0" tests="1" name="testrunner.RegistrationSteps" time="33.783" errors="0" timestamp="2021-02-09T19:01:57 IST" skipped="0">
  <testcase classname="testrunner.RegistrationSteps" name="navigate" time="33.783"/>
  <system-out/>
</testsuite> <!-- testrunner.RegistrationSteps -->
