<?xml version="1.0" encoding="UTF-8"?>
<!-- Generated by org.testng.reporters.JUnitReportReporter -->
<testsuite hostname="DESKTOP-5AVRE5L" failures="0" tests="2" name="testrunner.Registrationrunner" time="18.401" errors="0" timestamp="2021-02-10T13:26:46 IST" skipped="0">
  <testcase classname="testrunner.Registrationrunner" name="runner" time="10.128"/>
  <system-out/>
  <testcase classname="testrunner.Registrationrunner" name="runner" time="8.273"/>
  <system-out/>
</testsuite> <!-- testrunner.Registrationrunner -->
